<?xml version="1.0" encoding="UTF-8"?>
<testsuite name="TwoFerTest" tests="4" skipped="0" failures="0" errors="0" timestamp="2023-07-04T02:12:26" hostname="Luiss-MacBook-Pro.local" time="0.018">
  <properties/>
  <testcase name="noNameGiven" classname="TwoFerTest" time="0.017"/>
  <testcase name="emptyStringGiven" classname="TwoFerTest" time="0.0"/>
  <testcase name="aNameGiven" classname="TwoFerTest" time="0.001"/>
  <testcase name="anotherNameGiven" classname="TwoFerTest" time="0.0"/>
  <system-out><![CDATA[]]></system-out>
  <system-err><![CDATA[]]></system-err>
</testsuite>
